<?xml version="1.0" encoding="UTF-8"?>
<testsuite name="com.myProject.treatment.domain.user.domain.MemberTest" tests="1" skipped="0" failures="0" errors="0" timestamp="2024-01-19T08:00:46" hostname="gimhyeonjun-ui-MacBookAir.local" time="1.546">
  <properties/>
  <testcase name="회원_반료동물_등록()" classname="com.myProject.treatment.domain.user.domain.MemberTest" time="1.546"/>
  <system-out><![CDATA[17:00:36.700 [Test worker] INFO org.springframework.test.context.support.AnnotationConfigContextLoaderUtils -- Could not detect default configuration classes for test class [com.myProject.treatment.domain.user.domain.MemberTest]: MemberTest does not declare any static, non-private, non-final, nested classes annotated with @Configuration.
17:00:36.946 [Test worker] INFO org.springframework.boot.test.context.SpringBootTestContextBootstrapper -- Found @SpringBootConfiguration com.myProject.treatment.TreatmentApplication for test class com.myProject.treatment.domain.user.domain.MemberTest

  .   ____          _            __ _ _
 /\\ / ___'_ __ _ _(_)_ __  __ _ \ \ \ \
( ( )\___ | '_ | '_| | '_ \/ _` | \ \ \ \
 \\/  ___)| |_)| | | | | || (_| |  ) ) ) )
  '  |____| .__|_| |_|_| |_\__, | / / / /
 =========|_|==============|___/=/_/_/_/
 :: Spring Boot ::                (v3.2.1)

2024-01-19T17:00:37.723+09:00  INFO 7204 --- [    Test worker] c.m.t.domain.user.domain.MemberTest      : Starting MemberTest using Java 17.0.7 with PID 7204 (started by jjun in /Users/jjun/Desktop/projects/Animal_Reservation_Program)
2024-01-19T17:00:37.729+09:00  INFO 7204 --- [    Test worker] c.m.t.domain.user.domain.MemberTest      : No active profile set, falling back to 1 default profile: "default"
2024-01-19T17:00:39.213+09:00  INFO 7204 --- [    Test worker] .s.d.r.c.RepositoryConfigurationDelegate : Bootstrapping Spring Data JPA repositories in DEFAULT mode.
2024-01-19T17:00:39.256+09:00  INFO 7204 --- [    Test worker] .s.d.r.c.RepositoryConfigurationDelegate : Finished Spring Data repository scanning in 28 ms. Found 0 JPA repository interfaces.
2024-01-19T17:00:40.548+09:00  INFO 7204 --- [    Test worker] o.hibernate.jpa.internal.util.LogHelper  : HHH000204: Processing PersistenceUnitInfo [name: default]
2024-01-19T17:00:40.674+09:00  INFO 7204 --- [    Test worker] org.hibernate.Version                    : HHH000412: Hibernate ORM core version 6.4.1.Final
2024-01-19T17:00:40.734+09:00  INFO 7204 --- [    Test worker] o.h.c.internal.RegionFactoryInitiator    : HHH000026: Second-level cache disabled
2024-01-19T17:00:41.282+09:00  INFO 7204 --- [    Test worker] o.s.o.j.p.SpringPersistenceUnitInfo      : No LoadTimeWeaver setup: ignoring JPA class transformer
2024-01-19T17:00:41.338+09:00  INFO 7204 --- [    Test worker] com.zaxxer.hikari.HikariDataSource       : HikariPool-1 - Starting...
2024-01-19T17:00:42.087+09:00  INFO 7204 --- [    Test worker] com.zaxxer.hikari.pool.HikariPool        : HikariPool-1 - Added connection com.mysql.cj.jdbc.ConnectionImpl@abc7005
2024-01-19T17:00:42.092+09:00  INFO 7204 --- [    Test worker] com.zaxxer.hikari.HikariDataSource       : HikariPool-1 - Start completed.
2024-01-19T17:00:44.861+09:00  INFO 7204 --- [    Test worker] o.h.e.t.j.p.i.JtaPlatformInitiator       : HHH000489: No JTA platform available (set 'hibernate.transaction.jta.platform' to enable JTA platform integration)
2024-01-19T17:00:44.868+09:00  INFO 7204 --- [    Test worker] j.LocalContainerEntityManagerFactoryBean : Initialized JPA EntityManagerFactory for persistence unit 'default'
2024-01-19T17:00:45.385+09:00  WARN 7204 --- [    Test worker] JpaBaseConfiguration$JpaWebConfiguration : spring.jpa.open-in-view is enabled by default. Therefore, database queries may be performed during view rendering. Explicitly configure spring.jpa.open-in-view to disable this warning
2024-01-19T17:00:46.370+09:00  INFO 7204 --- [    Test worker] c.m.t.domain.user.domain.MemberTest      : Started MemberTest in 9.135 seconds (process running for 12.654)
Hibernate: insert into animal (height,member_id,name,type,weight) values (?,?,?,?,?)
2024-01-19T17:00:47.711+09:00  INFO 7204 --- [    Test worker] p6spy                                    : #1705651247711 | took 7ms | statement | connection 1| url jdbc:mysql://192.168.0.6:3306/animal_hospital
insert into animal (height,member_id,name,type,weight) values (?,?,?,?,?)
insert into animal (height,member_id,name,type,weight) values (60,NULL,'test01_동물',1,5);
2024-01-19T17:00:47.934+09:00  INFO 7204 --- [    Test worker] p6spy                                    : #1705651247934 | took 7ms | rollback | connection 1| url jdbc:mysql://192.168.0.6:3306/animal_hospital

;
]]></system-out>
  <system-err><![CDATA[]]></system-err>
</testsuite>
