<?xml version="1.0" encoding="UTF-8"?>
<testsuite name="com.myProject.treatment.domain.user.domain.MemberTest" tests="1" skipped="0" failures="0" errors="0" timestamp="2024-01-17T16:08:21" hostname="gimhyeonjun-ui-MacBookAir.local" time="2.51">
  <properties/>
  <testcase name="회원_반료동물_회원가입()" classname="com.myProject.treatment.domain.user.domain.MemberTest" time="2.51"/>
  <system-out><![CDATA[01:08:17.123 [Test worker] INFO org.springframework.test.context.support.AnnotationConfigContextLoaderUtils -- Could not detect default configuration classes for test class [com.myProject.treatment.domain.user.domain.MemberTest]: MemberTest does not declare any static, non-private, non-final, nested classes annotated with @Configuration.
01:08:17.243 [Test worker] INFO org.springframework.boot.test.context.SpringBootTestContextBootstrapper -- Found @SpringBootConfiguration com.myProject.treatment.TreatmentApplication for test class com.myProject.treatment.domain.user.domain.MemberTest

  .   ____          _            __ _ _
 /\\ / ___'_ __ _ _(_)_ __  __ _ \ \ \ \
( ( )\___ | '_ | '_| | '_ \/ _` | \ \ \ \
 \\/  ___)| |_)| | | | | || (_| |  ) ) ) )
  '  |____| .__|_| |_|_| |_\__, | / / / /
 =========|_|==============|___/=/_/_/_/
 :: Spring Boot ::                (v3.2.1)

2024-01-18T01:08:17.699+09:00  INFO 11806 --- [    Test worker] c.m.t.domain.user.domain.MemberTest      : Starting MemberTest using Java 17.0.7 with PID 11806 (started by jjun in /Users/jjun/Desktop/projects/Animal_Reservation_Program)
2024-01-18T01:08:17.701+09:00  INFO 11806 --- [    Test worker] c.m.t.domain.user.domain.MemberTest      : No active profile set, falling back to 1 default profile: "default"
2024-01-18T01:08:18.486+09:00  INFO 11806 --- [    Test worker] .s.d.r.c.RepositoryConfigurationDelegate : Bootstrapping Spring Data JPA repositories in DEFAULT mode.
2024-01-18T01:08:18.512+09:00  INFO 11806 --- [    Test worker] .s.d.r.c.RepositoryConfigurationDelegate : Finished Spring Data repository scanning in 17 ms. Found 0 JPA repository interfaces.
2024-01-18T01:08:19.092+09:00  INFO 11806 --- [    Test worker] o.hibernate.jpa.internal.util.LogHelper  : HHH000204: Processing PersistenceUnitInfo [name: default]
2024-01-18T01:08:19.149+09:00  INFO 11806 --- [    Test worker] org.hibernate.Version                    : HHH000412: Hibernate ORM core version 6.4.1.Final
2024-01-18T01:08:19.197+09:00  INFO 11806 --- [    Test worker] o.h.c.internal.RegionFactoryInitiator    : HHH000026: Second-level cache disabled
2024-01-18T01:08:19.438+09:00  INFO 11806 --- [    Test worker] o.s.o.j.p.SpringPersistenceUnitInfo      : No LoadTimeWeaver setup: ignoring JPA class transformer
2024-01-18T01:08:19.467+09:00  INFO 11806 --- [    Test worker] com.zaxxer.hikari.HikariDataSource       : HikariPool-1 - Starting...
2024-01-18T01:08:19.865+09:00  INFO 11806 --- [    Test worker] com.zaxxer.hikari.pool.HikariPool        : HikariPool-1 - Added connection com.mysql.cj.jdbc.ConnectionImpl@7f5e6833
2024-01-18T01:08:19.867+09:00  INFO 11806 --- [    Test worker] com.zaxxer.hikari.HikariDataSource       : HikariPool-1 - Start completed.
2024-01-18T01:08:20.996+09:00  INFO 11806 --- [    Test worker] o.h.e.t.j.p.i.JtaPlatformInitiator       : HHH000489: No JTA platform available (set 'hibernate.transaction.jta.platform' to enable JTA platform integration)
2024-01-18T01:08:20.999+09:00  INFO 11806 --- [    Test worker] j.LocalContainerEntityManagerFactoryBean : Initialized JPA EntityManagerFactory for persistence unit 'default'
2024-01-18T01:08:21.273+09:00  WARN 11806 --- [    Test worker] JpaBaseConfiguration$JpaWebConfiguration : spring.jpa.open-in-view is enabled by default. Therefore, database queries may be performed during view rendering. Explicitly configure spring.jpa.open-in-view to disable this warning
2024-01-18T01:08:21.789+09:00  INFO 11806 --- [    Test worker] c.m.t.domain.user.domain.MemberTest      : Started MemberTest in 4.375 seconds (process running for 5.759)
Hibernate: select m1_0.id,m1_0.address,m1_0.member_id,m1_0.member_name,m1_0.member_phone,m1_0.member_pwd,m1_0.treatment_id from member m1_0 where m1_0.member_id=? and m1_0.member_name=?
Hibernate: insert into member (address,member_id,member_name,member_phone,member_pwd,treatment_id) values (?,?,?,?,?,?)
Hibernate: insert into animal (height,member_id,name,type,weight) values (?,?,?,?,?)
]]></system-out>
  <system-err><![CDATA[]]></system-err>
</testsuite>
